<?xml version="1.0" encoding="utf-8"?><testsuites name="pytest tests"><testsuite name="pytest" errors="0" failures="1" skipped="0" tests="35" time="53.087" timestamp="2026-09-01T05:47:15.671657+00:00" hostname="agent-env-8974a0ac-e084-4d4c-96ce-4009f8af314e"><testcase classname="tests.test_phase12_features.TestRealUsers" name="test_search_users_rahul" time="0.884" /><testcase classname="tests.test_phase12_features.TestGroups" name="test_create_group" time="0.773" /><testcase classname="tests.test_phase12_features.TestGroups" name="test_group_detail" time="0.159" /><testcase classname="tests.test_phase12_features.TestRealUsers" name="test_search_users_too_short" time="0.102" /><testcase classname="tests.test_phase12_features.TestGroups" name="test_add_member" time="0.164" /><testcase classname="tests.test_phase12_features.TestRealUsers" name="test_contact_request_already_contacts" time="0.256" /><testcase classname="tests.test_phase12_features.TestGroups" name="test_set_role_admin" time="0.221" /><testcase classname="tests.test_phase12_features.TestRealUsers" name="test_contact_request_cannot_add_self" time="0.206" /><testcase classname="tests.test_phase12_features.TestGroups" name="test_group_visible_in_chats_list" time="0.157" /><testcase classname="tests.test_phase12_features.TestRealUsers" name="test_contact_request_unknown_user" time="0.120" /><testcase classname="tests.test_phase12_features.TestGroups" name="test_send_message_to_group" time="0.182" /><testcase classname="tests.test_phase12_features.TestRealUsers" name="test_list_contact_requests" time="0.164" /><testcase classname="tests.test_phase12_features.TestGroups" name="test_group_brain_summary" time="8.404" /><testcase classname="tests.test_phase12_features.TestRealUsers" name="test_contacts_list" time="0.097"><failure message="assert 0 &gt;= 3&#10; +  where 0 = len([])">tests/test_phase12_features.py:120: in test_contacts_list
    assert len(contacts) &gt;= 3
E   assert 0 &gt;= 3
E    +  where 0 = len([])</failure></testcase><testcase classname="tests.test_phase12_features.TestRealUsers" name="test_block_toggle" time="0.297" /><testcase classname="tests.test_phase12_features.TestFileSharing" name="test_upload_text_file" time="0.487" /><testcase classname="tests.test_phase12_features.TestFileSharing" name="test_upload_image" time="0.320" /><testcase classname="tests.test_phase12_features.TestFileSharing" name="test_reject_unsupported_extension" time="0.104" /><testcase classname="tests.test_phase12_features.TestFileSharing" name="test_reject_empty_file" time="0.165" /><testcase classname="tests.test_phase12_features.TestFileSharing" name="test_download_requires_token" time="0.129" /><testcase classname="tests.test_phase12_features.TestFileSharing" name="test_download_with_valid_token" time="0.372" /><testcase classname="tests.test_phase12_features.TestFileSharing" name="test_download_forbidden_for_non_participant" time="0.115" /><testcase classname="tests.test_phase12_features.TestAttachmentAI" name="test_find_amount_on_document" time="14.585" /><testcase classname="tests.test_phase12_features.TestGroups" name="test_remove_member" time="0.173" /><testcase classname="tests.test_phase12_features.TestGroups" name="test_cannot_remove_owner" time="0.246" /><testcase classname="tests.test_phase12_features.TestGroups" name="test_non_member_cannot_view_group" time="0.122" /><testcase classname="tests.test_phase12_features.TestGroups" name="test_leave_group" time="0.260" /><testcase classname="tests.test_phase12_features.TestGoogleAuth" name="test_session_endpoint_rejects_invalid_session_id" time="0.264" /><testcase classname="tests.test_phase12_features.TestGoogleAuth" name="test_session_endpoint_requires_session_id" time="0.138" /><testcase classname="tests.test_phase12_features.TestSecurity" name="test_new_endpoints_require_auth" time="1.056" /><testcase classname="tests.test_phase12_features.TestSecurity" name="test_privacy_has_new_toggles" time="0.118" /><testcase classname="tests.test_phase12_features.TestVoice" name="test_upload_voice" time="1.818" /><testcase classname="tests.test_phase12_features.TestAttachmentAI" name="test_summarize_document" time="10.738" /><testcase classname="tests.test_phase12_features.TestAttachmentAI" name="test_create_task_from_document" time="23.423" /><testcase classname="tests.test_phase12_features.TestAttachmentAI" name="test_attachment_search" time="0.126" /></testsuite></testsuites>