<?xml version="1.0" encoding="utf-8"?><testsuites name="pytest tests"><testsuite name="pytest" errors="0" failures="1" skipped="0" tests="30" time="172.940" timestamp="2026-09-01T04:55:24.293912+00:00" hostname="agent-env-8974a0ac-e084-4d4c-96ce-4009f8af314e"><testcase classname="tests.test_chatly_api.TestAI" name="test_smart_reply" time="15.821" /><testcase classname="tests.test_chatly_api.TestChats" name="test_list_chats_seeded" time="0.914" /><testcase classname="tests.test_chatly_api.TestChats" name="test_list_contacts" time="0.130" /><testcase classname="tests.test_chatly_api.TestChats" name="test_create_chat_idempotent" time="0.334" /><testcase classname="tests.test_chatly_api.TestChats" name="test_seeded_messages_present" time="0.281" /><testcase classname="tests.test_chatly_api.TestChats" name="test_send_message_and_bot_reply" time="13.126" /><testcase classname="tests.test_chatly_api.TestChats" name="test_react_and_star_message" time="0.495" /><testcase classname="tests.test_chatly_api.TestChats" name="test_edit_and_delete_own_message" time="0.622" /><testcase classname="tests.test_chatly_api.TestAI" name="test_message_action_rewrite" time="12.838" /><testcase classname="tests.test_chatly_api.TestAuth" name="test_login_success" time="0.338" /><testcase classname="tests.test_chatly_api.TestAuth" name="test_login_bad_password" time="0.339" /><testcase classname="tests.test_chatly_api.TestAuth" name="test_signup_validation_short_password" time="0.126" /><testcase classname="tests.test_chatly_api.TestAuth" name="test_signup_returns_otp_sent_or_500" time="0.844" /><testcase classname="tests.test_chatly_api.TestAuth" name="test_me_without_token" time="0.232" /><testcase classname="tests.test_chatly_api.TestAuth" name="test_me_with_token" time="0.102" /><testcase classname="tests.test_chatly_api.TestProductivity" name="test_task_crud" time="0.451" /><testcase classname="tests.test_chatly_api.TestProductivity" name="test_reminder_crud" time="0.339" /><testcase classname="tests.test_chatly_api.TestProductivity" name="test_important_toggle" time="0.210" /><testcase classname="tests.test_chatly_api.TestProductivity" name="test_ai_insights" time="0.100" /><testcase classname="tests.test_chatly_api.TestProductivity" name="test_memory_crud" time="0.390" /><testcase classname="tests.test_chatly_api.TestProductivity" name="test_privacy_toggle" time="0.389" /><testcase classname="tests.test_chatly_api.TestSecurity" name="test_protected_endpoints_401_without_token" time="0.582" /><testcase classname="tests.test_chatly_api.TestSecurity" name="test_cannot_access_foreign_chat" time="0.116" /><testcase classname="tests.test_chatly_api.TestHealth" name="test_root" time="0.097" /><testcase classname="tests.test_chatly_api.TestAI" name="test_chat_brain_summary" time="9.413" /><testcase classname="tests.test_chatly_api.TestAI" name="test_extract_actions" time="23.763" /><testcase classname="tests.test_chatly_api.TestAI" name="test_ai_chat" time="3.949" /><testcase classname="tests.test_chatly_api.TestAI" name="test_ask_chats" time="16.530" /><testcase classname="tests.test_chatly_api.TestAI" name="test_deep_research" time="47.631"><failure message="AssertionError: assert ('')&#10; +  where '' = &lt;built-in method get of dict object at 0xfa67fddc6000&gt;('report')&#10; +    where &lt;built-in method get of dict object at 0xfa67fddc6000&gt; = {'id': 'feafd5f9-3943-4b0f-b27c-8ff140b44fb1', 'user_id': 'user_demo_chatly', 'query': 'latest news on AI in 2025', 'report': '', ...}.get">tests/test_chatly_api.py:231: in test_deep_research
    assert d.get("report") and isinstance(d.get("sources"), list)
E   AssertionError: assert ('')
E    +  where '' = &lt;built-in method get of dict object at 0xfa67fddc6000&gt;('report')
E    +    where &lt;built-in method get of dict object at 0xfa67fddc6000&gt; = {'id': 'feafd5f9-3943-4b0f-b27c-8ff140b44fb1', 'user_id': 'user_demo_chatly', 'query': 'latest news on AI in 2025', 'report': '', ...}.get</failure></testcase><testcase classname="tests.test_chatly_api.TestAI" name="test_ai_create_presentation" time="42.597" /></testsuite></testsuites>